# JRE version: OpenJDK Runtime Environment Temurin-21.0.9+10 (21.0.9+10) (build 21.0.9+10-LTS)
# Java VM: OpenJDK 64-Bit Server VM Temurin-21.0.9+10 (21.0.9+10-LTS, mixed mode, sharing, tiered, compressed oops, compressed class ptrs, g1 gc, windows-amd64)
GC Precious Log:
 CardTable entry size: 512
 Card Set container configuration: InlinePtr #cards 5 size 8 Array Of Cards #cards 12 size 40 Howl #buckets 4 coarsen threshold 1843 Howl Bitmap #cards 512 size 80 coarsen threshold 460 Card regions per heap region 1 cards per card region 2048
 CPUs: 4 total, 4 available
 Memory: 8068M
 Large Page Support: Disabled
 NUMA Support: Disabled
 Compressed Oops: Enabled (32-bit)
 Heap Region Size: 1M
 Heap Min Capacity: 8M
 Heap Initial Capacity: 128M
 Heap Max Capacity: 2018M
 Pre-touch: Disabled
 Parallel Workers: 4
 Concurrent Workers: 1
 Concurrent Refinement Workers: 4
 Periodic GC: Disabled
Heap:
 garbage-first heap   total 78848K, used 52249K [0x0000000081e00000, 0x0000000100000000)
  region size 1024K, 10 young (10240K), 2 survivors (2048K)
 Metaspace       used 80495K, committed 81280K, reserved 1179648K
  class space    used 10881K, committed 11200K, reserved 1048576K
GC Heap History (20 events):
Event: 9.863 GC heap before
{Heap before GC invocations=14 (full 0):
 garbage-first heap   total 67584K, used 57235K [0x0000000081e00000, 0x0000000100000000)
  region size 1024K, 27 young (27648K), 4 survivors (4096K)
 Metaspace       used 57278K, committed 57920K, reserved 1114112K
  class space    used 7815K, committed 8128K, reserved 1048576K
}
Event: 9.871 GC heap after
{Heap after GC invocations=15 (full 0):
 garbage-first heap   total 67584K, used 35867K [0x0000000081e00000, 0x0000000100000000)
  region size 1024K, 3 young (3072K), 3 survivors (3072K)
 Metaspace       used 57278K, committed 57920K, reserved 1114112K
  class space    used 7815K, committed 8128K, reserved 1048576K
}
Event: 10.521 GC heap before
{Heap before GC invocations=16 (full 0):
 garbage-first heap   total 67584K, used 57371K [0x0000000081e00000, 0x0000000100000000)
  region size 1024K, 26 young (26624K), 3 survivors (3072K)
 Metaspace       used 62428K, committed 62976K, reserved 1114112K
  class space    used 8633K, committed 8896K, reserved 1048576K
}
Event: 10.526 GC heap after
{Heap after GC invocations=17 (full 0):
 garbage-first heap   total 67584K, used 36939K [0x0000000081e00000, 0x0000000100000000)
  region size 1024K, 3 young (3072K), 3 survivors (3072K)
 Metaspace       used 62428K, committed 62976K, reserved 1114112K
  class space    used 8633K, committed 8896K, reserved 1048576K
}
Event: 11.214 GC heap before
{Heap before GC invocations=17 (full 0):
 garbage-first heap   total 67584K, used 60491K [0x0000000081e00000, 0x0000000100000000)
  region size 1024K, 26 young (26624K), 3 survivors (3072K)
 Metaspace       used 66204K, committed 66816K, reserved 1114112K
  class space    used 9133K, committed 9408K, reserved 1048576K
}
Event: 11.229 GC heap after
{Heap after GC invocations=18 (full 0):
 garbage-first heap   total 67584K, used 38878K [0x0000000081e00000, 0x0000000100000000)
  region size 1024K, 4 young (4096K), 4 survivors (4096K)
 Metaspace       used 66204K, committed 66816K, reserved 1114112K
  class space    used 9133K, committed 9408K, reserved 1048576K
}
Event: 14.135 GC heap before
{Heap before GC invocations=18 (full 0):
 garbage-first heap   total 67584K, used 60382K [0x0000000081e00000, 0x0000000100000000)
  region size 1024K, 26 young (26624K), 4 survivors (4096K)
 Metaspace       used 69937K, committed 70656K, reserved 1114112K
  class space    used 9656K, committed 9984K, reserved 1048576K
}
Event: 14.150 GC heap after
{Heap after GC invocations=19 (full 0):
 garbage-first heap   total 69632K, used 43008K [0x0000000081e00000, 0x0000000100000000)
  region size 1024K, 4 young (4096K), 4 survivors (4096K)
 Metaspace       used 69937K, committed 70656K, reserved 1114112K
  class space    used 9656K, committed 9984K, reserved 1048576K
}
Event: 14.815 GC heap before
{Heap before GC invocations=20 (full 0):
 garbage-first heap   total 71680K, used 61440K [0x0000000081e00000, 0x0000000100000000)
  region size 1024K, 23 young (23552K), 4 survivors (4096K)
 Metaspace       used 73282K, committed 73984K, reserved 1114112K
  class space    used 10158K, committed 10432K, reserved 1048576K
}
Event: 14.821 GC heap after
{Heap after GC invocations=21 (full 0):
 garbage-first heap   total 71680K, used 44676K [0x0000000081e00000, 0x0000000100000000)
  region size 1024K, 3 young (3072K), 3 survivors (3072K)
 Metaspace       used 73282K, committed 73984K, reserved 1114112K
  class space    used 10158K, committed 10432K, reserved 1048576K
}
Event: 165.719 GC heap before
{Heap before GC invocations=21 (full 0):
 garbage-first heap   total 71680K, used 62084K [0x0000000081e00000, 0x0000000100000000)
  region size 1024K, 21 young (21504K), 3 survivors (3072K)
 Metaspace       used 74870K, committed 75584K, reserved 1114112K
  class space    used 10322K, committed 10624K, reserved 1048576K
}
Event: 165.725 GC heap after
{Heap after GC invocations=22 (full 0):
 garbage-first heap   total 71680K, used 44712K [0x0000000081e00000, 0x0000000100000000)
  region size 1024K, 1 young (1024K), 1 survivors (1024K)
 Metaspace       used 74870K, committed 75584K, reserved 1114112K
  class space    used 10322K, committed 10624K, reserved 1048576K
}
Event: 255.718 GC heap before
{Heap before GC invocations=22 (full 0):
 garbage-first heap   total 71680K, used 62120K [0x0000000081e00000, 0x0000000100000000)
  region size 1024K, 19 young (19456K), 1 survivors (1024K)
 Metaspace       used 79009K, committed 79744K, reserved 1179648K
  class space    used 10784K, committed 11136K, reserved 1048576K
}
Event: 255.728 GC heap after
{Heap after GC invocations=23 (full 0):
 garbage-first heap   total 71680K, used 45515K [0x0000000081e00000, 0x0000000100000000)
  region size 1024K, 2 young (2048K), 2 survivors (2048K)
 Metaspace       used 79009K, committed 79744K, reserved 1179648K
  class space    used 10784K, committed 11136K, reserved 1048576K
}
Event: 466.377 GC heap before
{Heap before GC invocations=24 (full 0):
 garbage-first heap   total 78848K, used 63947K [0x0000000081e00000, 0x0000000100000000)
  region size 1024K, 20 young (20480K), 2 survivors (2048K)
 Metaspace       used 79386K, committed 80128K, reserved 1179648K
  class space    used 10786K, committed 11136K, reserved 1048576K
}
Event: 466.382 GC heap after
{Heap after GC invocations=25 (full 0):
 garbage-first heap   total 78848K, used 45588K [0x0000000081e00000, 0x0000000100000000)
  region size 1024K, 2 young (2048K), 2 survivors (2048K)
 Metaspace       used 79386K, committed 80128K, reserved 1179648K
  class space    used 10786K, committed 11136K, reserved 1048576K
}
Event: 767.758 GC heap before
{Heap before GC invocations=25 (full 0):
 garbage-first heap   total 78848K, used 70164K [0x0000000081e00000, 0x0000000100000000)
  region size 1024K, 27 young (27648K), 2 survivors (2048K)
 Metaspace       used 79681K, committed 80512K, reserved 1179648K
  class space    used 10788K, committed 11136K, reserved 1048576K
}
Event: 767.763 GC heap after
{Heap after GC invocations=26 (full 0):
 garbage-first heap   total 78848K, used 45018K [0x0000000081e00000, 0x0000000100000000)
  region size 1024K, 2 young (2048K), 2 survivors (2048K)
 Metaspace       used 79681K, committed 80512K, reserved 1179648K
  class space    used 10788K, committed 11136K, reserved 1048576K
}
Event: 1098.971 GC heap before
{Heap before GC invocations=26 (full 0):
 garbage-first heap   total 78848K, used 71642K [0x0000000081e00000, 0x0000000100000000)
  region size 1024K, 28 young (28672K), 2 survivors (2048K)
 Metaspace       used 79888K, committed 80640K, reserved 1179648K
  class space    used 10789K, committed 11136K, reserved 1048576K
}
Event: 1098.975 GC heap after
{Heap after GC invocations=27 (full 0):
 garbage-first heap   total 78848K, used 45081K [0x0000000081e00000, 0x0000000100000000)
  region size 1024K, 2 young (2048K), 2 survivors (2048K)
 Metaspace       used 79888K, committed 80640K, reserved 1179648K
  class space    used 10789K, committed 11136K, reserved 1048576K
}

