# JRE version: OpenJDK Runtime Environment Temurin-21.0.9+10 (21.0.9+10) (build 21.0.9+10-LTS)
# Java VM: OpenJDK 64-Bit Server VM Temurin-21.0.9+10 (21.0.9+10-LTS, mixed mode, sharing, tiered, compressed oops, compressed class ptrs, g1 gc, windows-amd64)
GC Precious Log:
 CardTable entry size: 512
 Card Set container configuration: InlinePtr #cards 5 size 8 Array Of Cards #cards 12 size 40 Howl #buckets 4 coarsen threshold 1843 Howl Bitmap #cards 512 size 80 coarsen threshold 460 Card regions per heap region 1 cards per card region 2048
 CPUs: 4 total, 4 available
 Memory: 8068M
 Large Page Support: Disabled
 NUMA Support: Disabled
 Compressed Oops: Enabled (32-bit)
 Heap Region Size: 1M
 Heap Min Capacity: 8M
 Heap Initial Capacity: 128M
 Heap Max Capacity: 2018M
 Pre-touch: Disabled
 Parallel Workers: 4
 Concurrent Workers: 1
 Concurrent Refinement Workers: 4
 Periodic GC: Disabled
Heap:
 garbage-first heap   total 65536K, used 36946K [0x0000000081e00000, 0x0000000100000000)
  region size 1024K, 17 young (17408K), 3 survivors (3072K)
 Metaspace       used 31773K, committed 32256K, reserved 1114112K
  class space    used 4148K, committed 4352K, reserved 1048576K
GC Heap History (14 events):
Event: 1.515 GC heap before
{Heap before GC invocations=0 (full 0):
 garbage-first heap   total 131072K, used 16384K [0x0000000081e00000, 0x0000000100000000)
  region size 1024K, 13 young (13312K), 0 survivors (0K)
 Metaspace       used 3229K, committed 3392K, reserved 1114112K
  class space    used 334K, committed 384K, reserved 1048576K
}
Event: 1.531 GC heap after
{Heap after GC invocations=1 (full 0):
 garbage-first heap   total 131072K, used 9191K [0x0000000081e00000, 0x0000000100000000)
  region size 1024K, 2 young (2048K), 2 survivors (2048K)
 Metaspace       used 3229K, committed 3392K, reserved 1114112K
  class space    used 334K, committed 384K, reserved 1048576K
}
Event: 2.584 GC heap before
{Heap before GC invocations=1 (full 0):
 garbage-first heap   total 131072K, used 21479K [0x0000000081e00000, 0x0000000100000000)
  region size 1024K, 13 young (13312K), 2 survivors (2048K)
 Metaspace       used 7298K, committed 7552K, reserved 1114112K
  class space    used 825K, committed 960K, reserved 1048576K
}
Event: 2.589 GC heap after
{Heap after GC invocations=2 (full 0):
 garbage-first heap   total 131072K, used 12001K [0x0000000081e00000, 0x0000000100000000)
  region size 1024K, 2 young (2048K), 2 survivors (2048K)
 Metaspace       used 7298K, committed 7552K, reserved 1114112K
  class space    used 825K, committed 960K, reserved 1048576K
}
Event: 3.798 GC heap before
{Heap before GC invocations=2 (full 0):
 garbage-first heap   total 131072K, used 37601K [0x0000000081e00000, 0x0000000100000000)
  region size 1024K, 24 young (24576K), 2 survivors (2048K)
 Metaspace       used 9808K, committed 10048K, reserved 1114112K
  class space    used 1118K, committed 1216K, reserved 1048576K
}
Event: 3.807 GC heap after
{Heap after GC invocations=3 (full 0):
 garbage-first heap   total 131072K, used 17202K [0x0000000081e00000, 0x0000000100000000)
  region size 1024K, 3 young (3072K), 3 survivors (3072K)
 Metaspace       used 9808K, committed 10048K, reserved 1114112K
  class space    used 1118K, committed 1216K, reserved 1048576K
}
Event: 7.813 GC heap before
{Heap before GC invocations=3 (full 0):
 garbage-first heap   total 131072K, used 44850K [0x0000000081e00000, 0x0000000100000000)
  region size 1024K, 31 young (31744K), 3 survivors (3072K)
 Metaspace       used 16946K, committed 17344K, reserved 1114112K
  class space    used 2068K, committed 2240K, reserved 1048576K
}
Event: 7.819 GC heap after
{Heap after GC invocations=4 (full 0):
 garbage-first heap   total 131072K, used 17443K [0x0000000081e00000, 0x0000000100000000)
  region size 1024K, 3 young (3072K), 3 survivors (3072K)
 Metaspace       used 16946K, committed 17344K, reserved 1114112K
  class space    used 2068K, committed 2240K, reserved 1048576K
}
Event: 8.559 GC heap before
{Heap before GC invocations=4 (full 0):
 garbage-first heap   total 131072K, used 32803K [0x0000000081e00000, 0x0000000100000000)
  region size 1024K, 20 young (20480K), 3 survivors (3072K)
 Metaspace       used 21153K, committed 21504K, reserved 1114112K
  class space    used 2631K, committed 2752K, reserved 1048576K
}
Event: 8.564 GC heap after
{Heap after GC invocations=5 (full 0):
 garbage-first heap   total 131072K, used 18964K [0x0000000081e00000, 0x0000000100000000)
  region size 1024K, 4 young (4096K), 4 survivors (4096K)
 Metaspace       used 21153K, committed 21504K, reserved 1114112K
  class space    used 2631K, committed 2752K, reserved 1048576K
}
Event: 11.620 GC heap before
{Heap before GC invocations=6 (full 0):
 garbage-first heap   total 65536K, used 52756K [0x0000000081e00000, 0x0000000100000000)
  region size 1024K, 38 young (38912K), 4 survivors (4096K)
 Metaspace       used 25026K, committed 25472K, reserved 1114112K
  class space    used 3081K, committed 3264K, reserved 1048576K
}
Event: 11.628 GC heap after
{Heap after GC invocations=7 (full 0):
 garbage-first heap   total 65536K, used 21849K [0x0000000081e00000, 0x0000000100000000)
  region size 1024K, 5 young (5120K), 5 survivors (5120K)
 Metaspace       used 25026K, committed 25472K, reserved 1114112K
  class space    used 3081K, committed 3264K, reserved 1048576K
}
Event: 14.376 GC heap before
{Heap before GC invocations=7 (full 0):
 garbage-first heap   total 65536K, used 50521K [0x0000000081e00000, 0x0000000100000000)
  region size 1024K, 33 young (33792K), 5 survivors (5120K)
 Metaspace       used 29530K, committed 29952K, reserved 1114112K
  class space    used 3804K, committed 3968K, reserved 1048576K
}
Event: 14.386 GC heap after
{Heap after GC invocations=8 (full 0):
 garbage-first heap   total 65536K, used 23634K [0x0000000081e00000, 0x0000000100000000)
  region size 1024K, 3 young (3072K), 3 survivors (3072K)
 Metaspace       used 29530K, committed 29952K, reserved 1114112K
  class space    used 3804K, committed 3968K, reserved 1048576K
}

